have_library: checking for -lphonenumber... -------------------- yes

LD_LIBRARY_PATH=.:/home/weinreich/.asdf/installs/ruby/3.3.0/lib "gcc -o conftest -I/home/weinreich/.asdf/installs/ruby/3.3.0/include/ruby-3.3.0/x86_64-linux -I/home/weinreich/.asdf/installs/ruby/3.3.0/include/ruby-3.3.0/ruby/backward -I/home/weinreich/.asdf/installs/ruby/3.3.0/include/ruby-3.3.0 -Iext -I/usr/include/phonenumbers    -O3 -fno-fast-math -ggdb3 -Wall -Wextra -Wdeprecated-declarations -Wdiv-by-zero -Wduplicated-cond -Wimplicit-function-declaration -Wimplicit-int -Wpointer-arith -Wwrite-strings -Wold-style-definition -Wimplicit-fallthrough=0 -Wmissing-noreturn -Wno-cast-function-type -Wno-constant-logical-operand -Wno-long-long -Wno-missing-field-initializers -Wno-overlength-strings -Wno-packed-bitfield-compat -Wno-parentheses-equality -Wno-self-assign -Wno-tautological-compare -Wno-unused-parameter -Wno-unused-value -Wsuggest-attribute=format -Wsuggest-attribute=noreturn -Wunused-variable -Wmisleading-indentation -Wundef  -fPIC conftest.c  -L. -L/home/weinreich/.asdf/installs/ruby/3.3.0/lib -Wl,-rpath,/home/weinreich/.asdf/installs/ruby/3.3.0/lib -L/usr/lib -Wl,-rpath,/usr/lib -L. -fstack-protector-strong -rdynamic -Wl,-export-dynamic -Wl,--no-as-needed     -Wl,-rpath,/home/weinreich/.asdf/installs/ruby/3.3.0/lib -L/home/weinreich/.asdf/installs/ruby/3.3.0/lib -lruby  -lm -lpthread  -lc"
checked program was:
/* begin */
1: #include "ruby.h"
2: 
3: int main(int argc, char **argv)
4: {
5:   return !!argv[argc];
6: }
/* end */

LD_LIBRARY_PATH=.:/home/weinreich/.asdf/installs/ruby/3.3.0/lib "gcc -o conftest -I/home/weinreich/.asdf/installs/ruby/3.3.0/include/ruby-3.3.0/x86_64-linux -I/home/weinreich/.asdf/installs/ruby/3.3.0/include/ruby-3.3.0/ruby/backward -I/home/weinreich/.asdf/installs/ruby/3.3.0/include/ruby-3.3.0 -Iext -I/usr/include/phonenumbers    -O3 -fno-fast-math -ggdb3 -Wall -Wextra -Wdeprecated-declarations -Wdiv-by-zero -Wduplicated-cond -Wimplicit-function-declaration -Wimplicit-int -Wpointer-arith -Wwrite-strings -Wold-style-definition -Wimplicit-fallthrough=0 -Wmissing-noreturn -Wno-cast-function-type -Wno-constant-logical-operand -Wno-long-long -Wno-missing-field-initializers -Wno-overlength-strings -Wno-packed-bitfield-compat -Wno-parentheses-equality -Wno-self-assign -Wno-tautological-compare -Wno-unused-parameter -Wno-unused-value -Wsuggest-attribute=format -Wsuggest-attribute=noreturn -Wunused-variable -Wmisleading-indentation -Wundef  -fPIC conftest.c  -L. -L/home/weinreich/.asdf/installs/ruby/3.3.0/lib -Wl,-rpath,/home/weinreich/.asdf/installs/ruby/3.3.0/lib -L/usr/lib -Wl,-rpath,/usr/lib -L. -fstack-protector-strong -rdynamic -Wl,-export-dynamic -Wl,--no-as-needed     -Wl,-rpath,/home/weinreich/.asdf/installs/ruby/3.3.0/lib -L/home/weinreich/.asdf/installs/ruby/3.3.0/lib -lruby -lphonenumber  -lm -lpthread  -lc"
checked program was:
/* begin */
 1: #include "ruby.h"
 2: 
 3: /*top*/
 4: extern int t(void);
 5: int main(int argc, char **argv)
 6: {
 7:   if (argc > 1000000) {
 8:     int (* volatile tp)(void)=(int (*)(void))&t;
 9:     printf("%d", (*tp)());
10:   }
11: 
12:   return !!argv[argc];
13: }
14: 
15: int t(void) { ; return 0; }
/* end */

--------------------

